<?xml version="1.0" encoding="UTF-8"?>
<testsuites name="jest tests" tests="3" failures="3" errors="0" time="0.681">
  <testsuite name="undefined" errors="0" failures="3" skipped="0" timestamp="2024-01-02T20:36:27" time="0.621" tests="3">
    <testcase classname=" should have been called one time" name=" should have been called one time" time="0.001">
      <failure>TypeError: MockedTaskUseCase.mockClear is not a function
    at /Users/fsegovia/Documents/Aprendizaje/ExpressJS/connect-sequelize-ts/src/__test__/unit/infrastructure/controller/taskController.test.ts:25:23
    at Generator.next (&lt;anonymous&gt;)
    at fulfilled (/Users/fsegovia/Documents/Aprendizaje/ExpressJS/connect-sequelize-ts/src/__test__/unit/infrastructure/controller/taskController.test.ts:5:58)
    at processTicksAndRejections (node:internal/process/task_queues:95:5)</failure>
    </testcase>
    <testcase classname=" should be get tasks" name=" should be get tasks" time="0">
      <failure>TypeError: MockedTaskUseCase.mockClear is not a function
    at /Users/fsegovia/Documents/Aprendizaje/ExpressJS/connect-sequelize-ts/src/__test__/unit/infrastructure/controller/taskController.test.ts:25:23
    at Generator.next (&lt;anonymous&gt;)
    at fulfilled (/Users/fsegovia/Documents/Aprendizaje/ExpressJS/connect-sequelize-ts/src/__test__/unit/infrastructure/controller/taskController.test.ts:5:58)
    at processTicksAndRejections (node:internal/process/task_queues:95:5)</failure>
    </testcase>
    <testcase classname=" should be get tasks error" name=" should be get tasks error" time="0">
      <failure>TypeError: MockedTaskUseCase.mockClear is not a function
    at /Users/fsegovia/Documents/Aprendizaje/ExpressJS/connect-sequelize-ts/src/__test__/unit/infrastructure/controller/taskController.test.ts:25:23
    at Generator.next (&lt;anonymous&gt;)
    at fulfilled (/Users/fsegovia/Documents/Aprendizaje/ExpressJS/connect-sequelize-ts/src/__test__/unit/infrastructure/controller/taskController.test.ts:5:58)
    at processTicksAndRejections (node:internal/process/task_queues:95:5)</failure>
    </testcase>
  </testsuite>
</testsuites>