{"/Users/fsegovia/Documents/Aprendizaje/ExpressJS/connect-sequelize-ts/src/app.ts": {"path":"/Users/fsegovia/Documents/Aprendizaje/ExpressJS/connect-sequelize-ts/src/app.ts","statementMap":{"0":{"start":{"line":1,"column":0},"end":{"line":1,"column":43}},"1":{"start":{"line":2,"column":0},"end":{"line":2,"column":28}},"2":{"start":{"line":3,"column":0},"end":{"line":3,"column":61}},"3":{"start":{"line":4,"column":0},"end":{"line":4,"column":52}},"4":{"start":{"line":5,"column":0},"end":{"line":5,"column":58}},"5":{"start":{"line":8,"column":23},"end":{"line":8,"column":32}},"6":{"start":{"line":11,"column":2},"end":{"line":11,"column":35}},"7":{"start":{"line":14,"column":2},"end":{"line":20,"column":7}},"8":{"start":{"line":16,"column":16},"end":{"line":16,"column":71}},"9":{"start":{"line":18,"column":6},"end":{"line":18,"column":71}},"10":{"start":{"line":19,"column":6},"end":{"line":19,"column":26}},"11":{"start":{"line":23,"column":2},"end":{"line":23,"column":26}},"12":{"start":{"line":24,"column":2},"end":{"line":24,"column":28}},"13":{"start":{"line":27,"column":2},"end":{"line":27,"column":21}},"14":{"start":{"line":29,"column":2},"end":{"line":29,"column":13}},"15":{"start":{"line":32,"column":0},"end":{"line":32,"column":22}}},"fnMap":{"0":{"name":"runApp","decl":{"start":{"line":7,"column":15},"end":{"line":7,"column":21}},"loc":{"start":{"line":7,"column":21},"end":{"line":30,"column":null}}},"1":{"name":"(anonymous_10)","decl":{"start":{"line":16,"column":10},"end":{"line":16,"column":13}},"loc":{"start":{"line":16,"column":16},"end":{"line":16,"column":71}}},"2":{"name":"(anonymous_11)","decl":{"start":{"line":17,"column":11},"end":{"line":17,"column":12}},"loc":{"start":{"line":17,"column":21},"end":{"line":20,"column":5}}}},"branchMap":{},"s":{"0":1,"1":1,"2":1,"3":1,"4":1,"5":0,"6":0,"7":0,"8":0,"9":0,"10":0,"11":0,"12":0,"13":0,"14":0,"15":1},"f":{"0":0,"1":0,"2":0},"b":{}}
,"/Users/fsegovia/Documents/Aprendizaje/ExpressJS/connect-sequelize-ts/src/application/taskUseCase.ts": {"path":"/Users/fsegovia/Documents/Aprendizaje/ExpressJS/connect-sequelize-ts/src/application/taskUseCase.ts","statementMap":{"0":{"start":{"line":5,"column":31},"end":{"line":5,"column":63}},"1":{"start":{"line":7,"column":9},"end":{"line":9,"column":4}},"2":{"start":{"line":7,"column":59},"end":{"line":9,"column":4}},"3":{"start":{"line":8,"column":4},"end":{"line":8,"column":40}},"4":{"start":{"line":11,"column":9},"end":{"line":15,"column":4}},"5":{"start":{"line":13,"column":34},"end":{"line":15,"column":4}},"6":{"start":{"line":14,"column":4},"end":{"line":14,"column":44}},"7":{"start":{"line":16,"column":9},"end":{"line":18,"column":4}},"8":{"start":{"line":16,"column":69},"end":{"line":18,"column":4}},"9":{"start":{"line":17,"column":4},"end":{"line":17,"column":44}},"10":{"start":{"line":20,"column":9},"end":{"line":25,"column":4}},"11":{"start":{"line":23,"column":32},"end":{"line":25,"column":4}},"12":{"start":{"line":24,"column":4},"end":{"line":24,"column":48}},"13":{"start":{"line":27,"column":9},"end":{"line":29,"column":4}},"14":{"start":{"line":27,"column":63},"end":{"line":29,"column":4}},"15":{"start":{"line":28,"column":4},"end":{"line":28,"column":42}},"16":{"start":{"line":4,"column":0},"end":{"line":4,"column":13}}},"fnMap":{"0":{"name":"(anonymous_7)","decl":{"start":{"line":5,"column":2},"end":{"line":5,"column":31}},"loc":{"start":{"line":5,"column":63},"end":{"line":5,"column":67}}},"1":{"name":"(anonymous_8)","decl":{"start":{"line":7,"column":18},"end":{"line":7,"column":57}},"loc":{"start":{"line":7,"column":59},"end":{"line":9,"column":4}}},"2":{"name":"(anonymous_9)","decl":{"start":{"line":7,"column":59},"end":{"line":7,"column":null}},"loc":{"start":{"line":7,"column":59},"end":{"line":9,"column":3}}},"3":{"name":"(anonymous_10)","decl":{"start":{"line":11,"column":18},"end":{"line":11,"column":null}},"loc":{"start":{"line":13,"column":34},"end":{"line":15,"column":4}}},"4":{"name":"(anonymous_11)","decl":{"start":{"line":13,"column":34},"end":{"line":13,"column":null}},"loc":{"start":{"line":13,"column":34},"end":{"line":15,"column":3}}},"5":{"name":"(anonymous_12)","decl":{"start":{"line":16,"column":20},"end":{"line":16,"column":27}},"loc":{"start":{"line":16,"column":69},"end":{"line":18,"column":4}}},"6":{"name":"(anonymous_13)","decl":{"start":{"line":16,"column":69},"end":{"line":16,"column":null}},"loc":{"start":{"line":16,"column":69},"end":{"line":18,"column":3}}},"7":{"name":"(anonymous_14)","decl":{"start":{"line":20,"column":18},"end":{"line":20,"column":null}},"loc":{"start":{"line":23,"column":32},"end":{"line":25,"column":4}}},"8":{"name":"(anonymous_15)","decl":{"start":{"line":23,"column":32},"end":{"line":23,"column":null}},"loc":{"start":{"line":23,"column":32},"end":{"line":25,"column":3}}},"9":{"name":"(anonymous_16)","decl":{"start":{"line":27,"column":18},"end":{"line":27,"column":25}},"loc":{"start":{"line":27,"column":63},"end":{"line":29,"column":4}}},"10":{"name":"(anonymous_17)","decl":{"start":{"line":27,"column":63},"end":{"line":27,"column":null}},"loc":{"start":{"line":27,"column":63},"end":{"line":29,"column":3}}}},"branchMap":{},"s":{"0":1,"1":1,"2":0,"3":0,"4":1,"5":0,"6":0,"7":1,"8":0,"9":0,"10":1,"11":0,"12":0,"13":1,"14":0,"15":0,"16":1},"f":{"0":1,"1":0,"2":0,"3":0,"4":0,"5":0,"6":0,"7":0,"8":0,"9":0,"10":0},"b":{}}
,"/Users/fsegovia/Documents/Aprendizaje/ExpressJS/connect-sequelize-ts/src/infrastructure/controller/taskController.ts": {"path":"/Users/fsegovia/Documents/Aprendizaje/ExpressJS/connect-sequelize-ts/src/infrastructure/controller/taskController.ts","statementMap":{"0":{"start":{"line":5,"column":31},"end":{"line":5,"column":55}},"1":{"start":{"line":7,"column":9},"end":{"line":13,"column":4}},"2":{"start":{"line":7,"column":73},"end":{"line":13,"column":4}},"3":{"start":{"line":8,"column":4},"end":{"line":12,"column":5}},"4":{"start":{"line":9,"column":6},"end":{"line":9,"column":60}},"5":{"start":{"line":11,"column":6},"end":{"line":11,"column":52}},"6":{"start":{"line":15,"column":9},"end":{"line":21,"column":4}},"7":{"start":{"line":15,"column":75},"end":{"line":21,"column":4}},"8":{"start":{"line":16,"column":4},"end":{"line":20,"column":5}},"9":{"start":{"line":17,"column":6},"end":{"line":17,"column":75}},"10":{"start":{"line":19,"column":6},"end":{"line":19,"column":52}},"11":{"start":{"line":22,"column":9},"end":{"line":34,"column":4}},"12":{"start":{"line":22,"column":73},"end":{"line":34,"column":4}},"13":{"start":{"line":23,"column":4},"end":{"line":33,"column":5}},"14":{"start":{"line":24,"column":6},"end":{"line":30,"column":21}},"15":{"start":{"line":28,"column":29},"end":{"line":28,"column":77}},"16":{"start":{"line":28,"column":30},"end":{"line":28,"column":77}},"17":{"start":{"line":32,"column":6},"end":{"line":32,"column":52}},"18":{"start":{"line":36,"column":9},"end":{"line":42,"column":4}},"19":{"start":{"line":36,"column":73},"end":{"line":42,"column":4}},"20":{"start":{"line":37,"column":4},"end":{"line":41,"column":5}},"21":{"start":{"line":38,"column":6},"end":{"line":38,"column":68}},"22":{"start":{"line":40,"column":6},"end":{"line":40,"column":52}},"23":{"start":{"line":44,"column":9},"end":{"line":50,"column":4}},"24":{"start":{"line":44,"column":73},"end":{"line":50,"column":4}},"25":{"start":{"line":45,"column":4},"end":{"line":49,"column":5}},"26":{"start":{"line":46,"column":6},"end":{"line":46,"column":77}},"27":{"start":{"line":46,"column":62},"end":{"line":46,"column":75}},"28":{"start":{"line":48,"column":6},"end":{"line":48,"column":52}},"29":{"start":{"line":4,"column":0},"end":{"line":4,"column":13}}},"fnMap":{"0":{"name":"(anonymous_7)","decl":{"start":{"line":5,"column":2},"end":{"line":5,"column":31}},"loc":{"start":{"line":5,"column":55},"end":{"line":5,"column":59}}},"1":{"name":"(anonymous_8)","decl":{"start":{"line":7,"column":18},"end":{"line":7,"column":25}},"loc":{"start":{"line":7,"column":73},"end":{"line":13,"column":4}}},"2":{"name":"(anonymous_9)","decl":{"start":{"line":7,"column":73},"end":{"line":7,"column":null}},"loc":{"start":{"line":7,"column":73},"end":{"line":13,"column":3}}},"3":{"name":"(anonymous_10)","decl":{"start":{"line":15,"column":20},"end":{"line":15,"column":27}},"loc":{"start":{"line":15,"column":75},"end":{"line":21,"column":4}}},"4":{"name":"(anonymous_11)","decl":{"start":{"line":15,"column":75},"end":{"line":15,"column":null}},"loc":{"start":{"line":15,"column":75},"end":{"line":21,"column":3}}},"5":{"name":"(anonymous_12)","decl":{"start":{"line":22,"column":18},"end":{"line":22,"column":25}},"loc":{"start":{"line":22,"column":73},"end":{"line":34,"column":4}}},"6":{"name":"(anonymous_13)","decl":{"start":{"line":22,"column":73},"end":{"line":22,"column":null}},"loc":{"start":{"line":22,"column":73},"end":{"line":34,"column":3}}},"7":{"name":"(anonymous_14)","decl":{"start":{"line":28,"column":18},"end":{"line":28,"column":27}},"loc":{"start":{"line":28,"column":29},"end":{"line":28,"column":77}}},"8":{"name":"(anonymous_15)","decl":{"start":{"line":28,"column":29},"end":{"line":28,"column":30}},"loc":{"start":{"line":28,"column":29},"end":{"line":28,"column":77}}},"9":{"name":"(anonymous_16)","decl":{"start":{"line":36,"column":18},"end":{"line":36,"column":25}},"loc":{"start":{"line":36,"column":73},"end":{"line":42,"column":4}}},"10":{"name":"(anonymous_17)","decl":{"start":{"line":36,"column":73},"end":{"line":36,"column":null}},"loc":{"start":{"line":36,"column":73},"end":{"line":42,"column":3}}},"11":{"name":"(anonymous_18)","decl":{"start":{"line":44,"column":18},"end":{"line":44,"column":25}},"loc":{"start":{"line":44,"column":73},"end":{"line":50,"column":4}}},"12":{"name":"(anonymous_19)","decl":{"start":{"line":44,"column":73},"end":{"line":44,"column":null}},"loc":{"start":{"line":44,"column":73},"end":{"line":50,"column":3}}},"13":{"name":"(anonymous_20)","decl":{"start":{"line":46,"column":56},"end":{"line":46,"column":59}},"loc":{"start":{"line":46,"column":62},"end":{"line":46,"column":75}}}},"branchMap":{},"s":{"0":1,"1":1,"2":0,"3":0,"4":0,"5":0,"6":1,"7":0,"8":0,"9":0,"10":0,"11":1,"12":0,"13":0,"14":0,"15":0,"16":0,"17":0,"18":1,"19":0,"20":0,"21":0,"22":0,"23":1,"24":0,"25":0,"26":0,"27":0,"28":0,"29":1},"f":{"0":1,"1":0,"2":0,"3":0,"4":0,"5":0,"6":0,"7":0,"8":0,"9":0,"10":0,"11":0,"12":0,"13":0},"b":{}}
,"/Users/fsegovia/Documents/Aprendizaje/ExpressJS/connect-sequelize-ts/src/infrastructure/db/config/config.js": {"path":"/Users/fsegovia/Documents/Aprendizaje/ExpressJS/connect-sequelize-ts/src/infrastructure/db/config/config.js","statementMap":{"0":{"start":{"line":1,"column":0},"end":{"line":1,"column":27}},"1":{"start":{"line":3,"column":15},"end":{"line":12,"column":1}},"2":{"start":{"line":14,"column":0},"end":{"line":14,"column":24}}},"fnMap":{},"branchMap":{},"s":{"0":1,"1":1,"2":1},"f":{},"b":{},"inputSourceMap":null,"_coverageSchema":"1a1c01bbd47fc00a2c39e90264f33305004495a9","hash":"cf3362fd5566e697425116d888baa13d9ea4f882"}
,"/Users/fsegovia/Documents/Aprendizaje/ExpressJS/connect-sequelize-ts/src/infrastructure/db/config/sequelize.ts": {"path":"/Users/fsegovia/Documents/Aprendizaje/ExpressJS/connect-sequelize-ts/src/infrastructure/db/config/sequelize.ts","statementMap":{"0":{"start":{"line":1,"column":0},"end":{"line":1,"column":49}},"1":{"start":{"line":3,"column":0},"end":{"line":3,"column":35}},"2":{"start":{"line":5,"column":18},"end":{"line":5,"column":67}},"3":{"start":{"line":7,"column":0},"end":{"line":7,"column":25}}},"fnMap":{},"branchMap":{},"s":{"0":1,"1":1,"2":1,"3":1},"f":{},"b":{}}
,"/Users/fsegovia/Documents/Aprendizaje/ExpressJS/connect-sequelize-ts/src/infrastructure/db/models/index.ts": {"path":"/Users/fsegovia/Documents/Aprendizaje/ExpressJS/connect-sequelize-ts/src/infrastructure/db/models/index.ts","statementMap":{"0":{"start":{"line":1,"column":0},"end":{"line":1,"column":26}},"1":{"start":{"line":3,"column":13},"end":{"line":3,"column":29}}},"fnMap":{},"branchMap":{},"s":{"0":1,"1":1},"f":{},"b":{}}
,"/Users/fsegovia/Documents/Aprendizaje/ExpressJS/connect-sequelize-ts/src/infrastructure/db/models/task.ts": {"path":"/Users/fsegovia/Documents/Aprendizaje/ExpressJS/connect-sequelize-ts/src/infrastructure/db/models/task.ts","statementMap":{"0":{"start":{"line":1,"column":0},"end":{"line":1,"column":38}},"1":{"start":{"line":2,"column":0},"end":{"line":2,"column":60}},"2":{"start":{"line":8,"column":0},"end":{"line":27,"column":null}},"3":{"start":{"line":15,"column":10},"end":{"line":15,"column":null}},"4":{"start":{"line":20,"column":10},"end":{"line":20,"column":null}},"5":{"start":{"line":26,"column":10},"end":{"line":26,"column":null}},"6":{"start":{"line":8,"column":6},"end":{"line":27,"column":null}},"7":{"start":{"line":29,"column":0},"end":{"line":29,"column":20}}},"fnMap":{},"branchMap":{},"s":{"0":1,"1":1,"2":1,"3":1,"4":1,"5":1,"6":1,"7":1},"f":{},"b":{}}
,"/Users/fsegovia/Documents/Aprendizaje/ExpressJS/connect-sequelize-ts/src/infrastructure/repositories/taskRepository.ts": {"path":"/Users/fsegovia/Documents/Aprendizaje/ExpressJS/connect-sequelize-ts/src/infrastructure/repositories/taskRepository.ts","statementMap":{"0":{"start":{"line":3,"column":0},"end":{"line":3,"column":37}},"1":{"start":{"line":7,"column":4},"end":{"line":7,"column":35}},"2":{"start":{"line":11,"column":4},"end":{"line":11,"column":32}},"3":{"start":{"line":15,"column":4},"end":{"line":15,"column":42}},"4":{"start":{"line":19,"column":24},"end":{"line":19,"column":65}},"5":{"start":{"line":21,"column":4},"end":{"line":21,"column":41}},"6":{"start":{"line":25,"column":4},"end":{"line":32,"column":6}},"7":{"start":{"line":5,"column":0},"end":{"line":5,"column":13}}},"fnMap":{"0":{"name":"(anonymous_8)","decl":{"start":{"line":6,"column":8},"end":{"line":6,"column":16}},"loc":{"start":{"line":6,"column":27},"end":{"line":8,"column":null}}},"1":{"name":"(anonymous_10)","decl":{"start":{"line":10,"column":8},"end":{"line":10,"column":14}},"loc":{"start":{"line":10,"column":14},"end":{"line":12,"column":null}}},"2":{"name":"(anonymous_12)","decl":{"start":{"line":14,"column":8},"end":{"line":14,"column":14}},"loc":{"start":{"line":14,"column":40},"end":{"line":16,"column":null}}},"3":{"name":"(anonymous_14)","decl":{"start":{"line":18,"column":8},"end":{"line":18,"column":14}},"loc":{"start":{"line":18,"column":25},"end":{"line":22,"column":null}}},"4":{"name":"(anonymous_16)","decl":{"start":{"line":24,"column":8},"end":{"line":24,"column":14}},"loc":{"start":{"line":24,"column":43},"end":{"line":33,"column":null}}}},"branchMap":{},"s":{"0":1,"1":0,"2":0,"3":0,"4":0,"5":0,"6":0,"7":1},"f":{"0":0,"1":0,"2":0,"3":0,"4":0},"b":{}}
,"/Users/fsegovia/Documents/Aprendizaje/ExpressJS/connect-sequelize-ts/src/infrastructure/routes/taskRoute.ts": {"path":"/Users/fsegovia/Documents/Aprendizaje/ExpressJS/connect-sequelize-ts/src/infrastructure/routes/taskRoute.ts","statementMap":{"0":{"start":{"line":1,"column":0},"end":{"line":1,"column":33}},"1":{"start":{"line":2,"column":0},"end":{"line":2,"column":68}},"2":{"start":{"line":3,"column":0},"end":{"line":3,"column":60}},"3":{"start":{"line":4,"column":0},"end":{"line":4,"column":62}},"4":{"start":{"line":6,"column":15},"end":{"line":6,"column":23}},"5":{"start":{"line":8,"column":17},"end":{"line":8,"column":41}},"6":{"start":{"line":10,"column":20},"end":{"line":10,"column":45}},"7":{"start":{"line":12,"column":23},"end":{"line":12,"column":54}},"8":{"start":{"line":14,"column":0},"end":{"line":14,"column":44}},"9":{"start":{"line":15,"column":0},"end":{"line":15,"column":50}},"10":{"start":{"line":16,"column":0},"end":{"line":16,"column":45}},"11":{"start":{"line":17,"column":0},"end":{"line":17,"column":48}},"12":{"start":{"line":18,"column":0},"end":{"line":18,"column":51}},"13":{"start":{"line":20,"column":0},"end":{"line":20,"column":22}}},"fnMap":{},"branchMap":{},"s":{"0":1,"1":1,"2":1,"3":1,"4":1,"5":1,"6":1,"7":1,"8":1,"9":1,"10":1,"11":1,"12":1,"13":1},"f":{},"b":{}}
}
