TN:
SF:src/app.ts
FN:7,runApp
FN:16,(anonymous_10)
FN:17,(anonymous_11)
FNF:3
FNH:0
FNDA:0,runApp
FNDA:0,(anonymous_10)
FNDA:0,(anonymous_11)
DA:1,1
DA:2,1
DA:3,1
DA:4,1
DA:5,1
DA:8,0
DA:11,0
DA:14,0
DA:16,0
DA:18,0
DA:19,0
DA:23,0
DA:24,0
DA:27,0
DA:29,0
DA:32,1
LF:16
LH:6
BRF:0
BRH:0
end_of_record
TN:
SF:src/application/taskUseCase.ts
FN:5,(anonymous_7)
FN:7,(anonymous_8)
FN:7,(anonymous_9)
FN:11,(anonymous_10)
FN:13,(anonymous_11)
FN:16,(anonymous_12)
FN:16,(anonymous_13)
FN:20,(anonymous_14)
FN:23,(anonymous_15)
FN:27,(anonymous_16)
FN:27,(anonymous_17)
FNF:11
FNH:1
FNDA:1,(anonymous_7)
FNDA:0,(anonymous_8)
FNDA:0,(anonymous_9)
FNDA:0,(anonymous_10)
FNDA:0,(anonymous_11)
FNDA:0,(anonymous_12)
FNDA:0,(anonymous_13)
FNDA:0,(anonymous_14)
FNDA:0,(anonymous_15)
FNDA:0,(anonymous_16)
FNDA:0,(anonymous_17)
DA:4,1
DA:5,1
DA:7,1
DA:8,0
DA:11,1
DA:13,0
DA:14,0
DA:16,1
DA:17,0
DA:20,1
DA:23,0
DA:24,0
DA:27,1
DA:28,0
LF:14
LH:7
BRF:0
BRH:0
end_of_record
TN:
SF:src/infrastructure/controller/taskController.ts
FN:5,(anonymous_7)
FN:7,(anonymous_8)
FN:7,(anonymous_9)
FN:15,(anonymous_10)
FN:15,(anonymous_11)
FN:22,(anonymous_12)
FN:22,(anonymous_13)
FN:28,(anonymous_14)
FN:28,(anonymous_15)
FN:36,(anonymous_16)
FN:36,(anonymous_17)
FN:44,(anonymous_18)
FN:44,(anonymous_19)
FN:46,(anonymous_20)
FNF:14
FNH:1
FNDA:1,(anonymous_7)
FNDA:0,(anonymous_8)
FNDA:0,(anonymous_9)
FNDA:0,(anonymous_10)
FNDA:0,(anonymous_11)
FNDA:0,(anonymous_12)
FNDA:0,(anonymous_13)
FNDA:0,(anonymous_14)
FNDA:0,(anonymous_15)
FNDA:0,(anonymous_16)
FNDA:0,(anonymous_17)
FNDA:0,(anonymous_18)
FNDA:0,(anonymous_19)
FNDA:0,(anonymous_20)
DA:4,1
DA:5,1
DA:7,1
DA:8,0
DA:9,0
DA:11,0
DA:15,1
DA:16,0
DA:17,0
DA:19,0
DA:22,1
DA:23,0
DA:24,0
DA:28,0
DA:32,0
DA:36,1
DA:37,0
DA:38,0
DA:40,0
DA:44,1
DA:45,0
DA:46,0
DA:48,0
LF:23
LH:7
BRF:0
BRH:0
end_of_record
TN:
SF:src/infrastructure/db/config/config.js
FNF:0
FNH:0
DA:1,1
DA:3,1
DA:14,1
LF:3
LH:3
BRF:0
BRH:0
end_of_record
TN:
SF:src/infrastructure/db/config/sequelize.ts
FNF:0
FNH:0
DA:1,1
DA:3,1
DA:5,1
DA:7,1
LF:4
LH:4
BRF:0
BRH:0
end_of_record
TN:
SF:src/infrastructure/db/models/index.ts
FNF:0
FNH:0
DA:1,1
DA:3,1
LF:2
LH:2
BRF:0
BRH:0
end_of_record
TN:
SF:src/infrastructure/db/models/task.ts
FNF:0
FNH:0
DA:1,1
DA:2,1
DA:8,1
DA:15,1
DA:20,1
DA:26,1
DA:29,1
LF:7
LH:7
BRF:0
BRH:0
end_of_record
TN:
SF:src/infrastructure/repositories/taskRepository.ts
FN:6,(anonymous_8)
FN:10,(anonymous_10)
FN:14,(anonymous_12)
FN:18,(anonymous_14)
FN:24,(anonymous_16)
FNF:5
FNH:0
FNDA:0,(anonymous_8)
FNDA:0,(anonymous_10)
FNDA:0,(anonymous_12)
FNDA:0,(anonymous_14)
FNDA:0,(anonymous_16)
DA:3,1
DA:5,1
DA:7,0
DA:11,0
DA:15,0
DA:19,0
DA:21,0
DA:25,0
LF:8
LH:2
BRF:0
BRH:0
end_of_record
TN:
SF:src/infrastructure/routes/taskRoute.ts
FNF:0
FNH:0
DA:1,1
DA:2,1
DA:3,1
DA:4,1
DA:6,1
DA:8,1
DA:10,1
DA:12,1
DA:14,1
DA:15,1
DA:16,1
DA:17,1
DA:18,1
DA:20,1
LF:14
LH:14
BRF:0
BRH:0
end_of_record
